<?xml version="1.0" encoding="UTF-8"?>
<!-- Generated by org.testng.reporters.JUnitReportReporter -->
<testsuite hostname="Kishores-MacBook-Air.local" failures="0" tests="5" name="com.examarly.HomePageWeb" time="389.604" errors="0" timestamp="2022-11-02T17:15:51 IST" skipped="0">
  <testcase classname="com.examarly.HomePageWeb" name="Landingpage" time="261.173"/>
  <system-out/>
  <testcase classname="com.examarly.HomePageWeb" name="FAQ" time="34.498"/>
  <system-out/>
  <testcase classname="com.examarly.HomePageWeb" name="Contact" time="40.683"/>
  <system-out/>
  <testcase classname="com.examarly.HomePageWeb" name="BLOG" time="34.827"/>
  <system-out/>
  <testcase classname="com.examarly.HomePageWeb" name="About" time="18.423"/>
  <system-out/>
</testsuite> <!-- com.examarly.HomePageWeb -->
